Sun Jun 11 2023 18:3:31 [PH] error: Academic semester is already exist!
Sun Jun 11 2023 18:4:44 [PH] error: Academic semester is already exist!
Sun Jun 11 2023 18:5:50 [PH] error: Academic semester is already exist!
Sun Jun 11 2023 18:6:31 [PH] error: globalErrorHandler ~ [
  {
    "received": "autumn",
    "code": "invalid_enum_value",
    "options": [
      "Autumn",
      "Summer",
      "Fall"
    ],
    "path": [
      "body",
      "title"
    ],
    "message": "Invalid enum value. Expected 'Autumn' | 'Summer' | 'Fall', received 'autumn'"
  }
]
Sun Jun 11 2023 18:36:19 [PH] error: globalErrorHandler ~ [
  {
    "code": "invalid_type",
    "expected": "string",
    "received": "undefined",
    "path": [
      "body",
      "role"
    ],
    "message": "role is required"
  }
]
Sun Jun 11 2023 18:36:58 [PH] error: globalErrorHandler ~ [
  {
    "code": "invalid_type",
    "expected": "string",
    "received": "undefined",
    "path": [
      "body",
      "role"
    ],
    "message": "role is required"
  }
]
Sun Jun 11 2023 18:37:11 [PH] error: globalErrorHandler ~ Unexpected token { in JSON at position 7
Sun Jun 11 2023 18:37:17 [PH] error: globalErrorHandler ~ Unexpected token { in JSON at position 7
Sun Jun 11 2023 18:38:1 [PH] error: Cannot set properties of undefined (setting 'id')
Sun Jun 11 2023 18:38:58 [PH] error: globalErrorHandler ~ [
  {
    "code": "invalid_type",
    "expected": "string",
    "received": "undefined",
    "path": [
      "body",
      "role"
    ],
    "message": "role is required"
  }
]
Sun Jun 11 2023 18:39:27 [PH] error: globalErrorHandler ~ [
  {
    "code": "invalid_type",
    "expected": "string",
    "received": "undefined",
    "path": [
      "body",
      "role"
    ],
    "message": "role is required"
  }
]
Sun Jun 11 2023 18:39:35 [PH] error: globalErrorHandler ~ [
  {
    "code": "invalid_type",
    "expected": "string",
    "received": "undefined",
    "path": [
      "body",
      "role"
    ],
    "message": "role is required"
  }
]
Sun Jun 11 2023 18:39:37 [PH] error: globalErrorHandler ~ [
  {
    "code": "invalid_type",
    "expected": "string",
    "received": "undefined",
    "path": [
      "body",
      "role"
    ],
    "message": "role is required"
  }
]
Sun Jun 11 2023 18:39:41 [PH] error: globalErrorHandler ~ [
  {
    "code": "invalid_type",
    "expected": "string",
    "received": "undefined",
    "path": [
      "body",
      "role"
    ],
    "message": "role is required"
  }
]
Sun Jun 11 2023 18:44:9 [PH] error: Academic semester is already exist!
